                                                                      Page 1
                                                              C:\Users\TIEZHU~1\AppData\Local\Temp\gh_00006ug1.si
Command Line: C:\GHS\V800.V2014.1.7\comp_201417\ease850.exe -w -elf -b0 -Ipe1_project\inc -I..\..\..\src -Isrc -Idev -Iinc -Idevice -IC:\GHS\V800.V2014.1.7\comp_201417\lib\rh850 -cg_underscore -cpu=rh850g3m -no_v850_simd -rh850_fpsimd=none -nomacro -patch_dbo=D:\CANFDGwMcuFirmRH850F1x\code\CANFDGwMcuFirmRH850F1x\CANFDGwMcuFirmRH850F1x\prj\GHS MULTI\CAN Gateway\output\obj\pe1\Can_Cfg.dbo -source=Can_Cfg.c -o .\output\obj\pe1\gh_00006ug1.o -list=.\output\obj\pe1\Can_Cfg.lst C:\Users\TIEZHU~1\AppData\Local\Temp\gh_00006ug1.si 
Original File: C:\Users\TIEZHU~1\AppData\Local\Temp\gh_00006ug1.si
Source File: Can_Cfg.c
Directory: D:\CANFDGwMcuFirmRH850F1x\code\CANFDGwMcuFirmRH850F1x\CANFDGwMcuFirmRH850F1x\prj\GHS MULTI\CAN Gateway
Host OS: Windows 7
EASE: Copyright (C) 1983-2014 Green Hills Software.  All Rights Reversed.
Release: Compiler v2014.1.7
Build Directory: [Directory] BTOWINBOX:c:/build_2014_1_bto/2014-09-04.2200-2014_1_bto/win32-comp-ecom
Revision: [VCInfo] http://toolsvc/branches/release-branch-2014-1-bto/src@515859 (built by build)
Revision Date: Fri Sep 05 14:05:06 2014

Release Date: Fri Sep 05 14:43:29 2014

                           1 --Driver Command: ccv850 -c -MD -Ipe1_project\inc -I..\..\..\src -Isrc -Idev
                           2 --		-Iinc -Idevice -DMY_CLOCK -UMSC_CLOCK -sda -DEMBEDDED
                           3 --		--enable_noinline --restrict --bool -bsp generic -g -list
                           4 --		-passsource -preprocess_assembly_files
                           5 --		--preprocess_linker_directive_full -DDEVICE=F1H -cpu=rh850g3m
                           6 --		-Onone -DCPU1=1 -DCPU2=0 -DCORE1 -object_dir=./output/obj/pe1
                           7 --		-filetype.c ..\..\..\src\Can_Cfg.c -o .\output\obj\pe1\Can_Cfg.o
                           8 --Source File:   ..\..\..\src\Can_Cfg.c
                           9 --Directory:     
                          10 --		D:\CANFDGwMcuFirmRH850F1x\code\CANFDGwMcuFirmRH850F1x\CANFDGwMcuFirmRH850F1x\prj\GHS
                          11 --		MULTI\CAN Gateway
                          12 --Compile Date:  Tue Nov 10 14:51:55 2015
                          13 --Host OS:       Win32
                          14 --Version:       C-RH850 2014.1.7 RELEASE VERSION
                          15 --Release:       Compiler v2014.1.7
                          16 --Revision Date: Fri Sep 05 14:10:46 2014
                          17 --Release Date:  Fri Sep 05 14:44:23 2014
                          18 -- ecom  -g -w
                          19 
                          20 	.section ".rodata","a"
                          21 	.align	4
                          22 	.global	_Can_PbConfig
00000000 02               23 _Can_PbConfig:	.byte	2
00000001 000000           24 	.space	3
00000004 00000000*        25 	.word	_Can_ctrlerCfgTbl
00000008 03               26 	.byte	3
00000009 000000           27 	.space	3
0000000c 00000000*        28 	.word	_Can_RxFifoCfgTbl
00000010 0200             29 	.byte	2,0
00000012 0000             30 	.space	2
00000014 00000000*        31 	.word	sdaoff2(_Can_TxHwObjectTbl)
00000018 00               32 	.space	1
00000019 01ffffff         33 	.byte	1,255,255,255
0000001d ff               34 	.byte	255
0000001e 0000             35 	.space	2
                          36 	.type	_Can_PbConfig,@object
                          37 	.size	_Can_PbConfig,32
                          38 	.global	_Can_ctrlerCfgTbl..D.3A.5CCANFDGwMcuFirmRH850F1x.5Ccode.5CCANFDGwMcuFirmRH850F1x.5CCANFDGwMcuFirmRH850F1x.5Cprj.5CGHS.20MULTI.5CCAN.20Gateway.5Coutput.5Cobj.5Cpe1.5CCan_Cfg.
                          39 _Can_ctrlerCfgTbl..D.3A.5CCANFDGwMcuFirmRH850F1x.5Ccode.5CCANFDGwMcuFirmRH850F1x.5CCANFDGwMcuFirmRH850F1x.5Cprj.5CGHS.20MULTI.5CCAN.20Gateway.5Coutput.5Cobj.5Cpe1.5CCan_Cfg.:
00000020 01000000         40 _Can_ctrlerCfgTbl:	.byte	1,0,0,0
00000024 00               41 	.space	1
00000025 00               42 	.space	1
00000026 0000             43 	.space	2
00000028 00000000         44 	.space	4
0000002c 04000603         45 	.byte	4,0,6,3
00000030 01               46 	.byte	1
00000031 02010603         47 	.byte	2,1,6,3
00000035 010e             48 	.byte	1,14
00000037 00               49 	.space	1
00000038 02               50 	.byte	2

                                                                      Page 2
                                                              C:\Users\TIEZHU~1\AppData\Local\Temp\gh_00006ug1.si
00000039 000000           51 	.space	3
0000003c 00000000*        52 	.word	sdaoff2(_Can_AFLCfgTbl_Ch0)
00000040 00000000         53 	.space	4
00000044 01000000         54 	.byte	1,0,0,0
00000048 00               55 	.space	1
00000049 01               56 	.byte	1
0000004a 0000             57 	.space	2
0000004c 02000000         58 	.byte	2,0,0,0
00000050 02000603         59 	.byte	2,0,6,3
00000054 01               60 	.byte	1
00000055 01               61 	.byte	1
00000056 00               62 	.space	1
00000057 0603010e         63 	.byte	6,3,1,14
0000005b 00               64 	.space	1
0000005c 00               65 	.space	1
0000005d 000000           66 	.space	3
00000060 00000000         67 	.space	4
00000064 00000000         68 	.space	4
                          69 	.type	_Can_ctrlerCfgTbl..D.3A.5CCANFDGwMcuFirmRH850F1x.5Ccode.5CCANFDGwMcuFirmRH850F1x.5CCANFDGwMcuFirmRH850F1x.5Cprj.5CGHS.20MULTI.5CCAN.20Gateway.5Coutput.5Cobj.5Cpe1.5CCan_Cfg.,@object
                          70 	.size	_Can_ctrlerCfgTbl..D.3A.5CCANFDGwMcuFirmRH850F1x.5Ccode.5CCANFDGwMcuFirmRH850F1x.5CCANFDGwMcuFirmRH850F1x.5Cprj.5CGHS.20MULTI.5CCAN.20Gateway.5Coutput.5Cobj.5Cpe1.5CCan_Cfg.,72
                          71 	.type	_Can_ctrlerCfgTbl,@object
                          72 	.size	_Can_ctrlerCfgTbl,72
                          73 	.global	_Can_RxFifoCfgTbl..D.3A.5CCANFDGwMcuFirmRH850F1x.5Ccode.5CCANFDGwMcuFirmRH850F1x.5CCANFDGwMcuFirmRH850F1x.5Cprj.5CGHS.20MULTI.5CCAN.20Gateway.5Coutput.5Cobj.5Cpe1.5CCan_Cfg.
                          74 _Can_RxFifoCfgTbl..D.3A.5CCANFDGwMcuFirmRH850F1x.5Ccode.5CCANFDGwMcuFirmRH850F1x.5CCANFDGwMcuFirmRH850F1x.5Cprj.5CGHS.20MULTI.5CCAN.20Gateway.5Coutput.5Cobj.5Cpe1.5CCan_Cfg.:
00000068 00               75 _Can_RxFifoCfgTbl:	.space	1
00000069 00               76 	.space	1
0000006a 0000             77 	.space	2
0000006c 07000000         78 	.byte	7,0,0,0
00000070 00               79 	.space	1
00000071 01               80 	.byte	1
00000072 0000             81 	.space	2
00000074 07000000         82 	.byte	7,0,0,0
00000078 00               83 	.space	1
00000079 02               84 	.byte	2
0000007a 0000             85 	.space	2
0000007c 07000000         86 	.byte	7,0,0,0
                          87 	.type	_Can_RxFifoCfgTbl..D.3A.5CCANFDGwMcuFirmRH850F1x.5Ccode.5CCANFDGwMcuFirmRH850F1x.5CCANFDGwMcuFirmRH850F1x.5Cprj.5CGHS.20MULTI.5CCAN.20Gateway.5Coutput.5Cobj.5Cpe1.5CCan_Cfg.,@object
                          88 	.size	_Can_RxFifoCfgTbl..D.3A.5CCANFDGwMcuFirmRH850F1x.5Ccode.5CCANFDGwMcuFirmRH850F1x.5CCANFDGwMcuFirmRH850F1x.5Cprj.5CGHS.20MULTI.5CCAN.20Gateway.5Coutput.5Cobj.5Cpe1.5CCan_Cfg.,24
                          89 	.type	_Can_RxFifoCfgTbl,@object
                          90 	.size	_Can_RxFifoCfgTbl,24
                          91 	.section ".rosdata","a"
                          92 	.align	4
                          93 	.global	_Can_TxHwObjectTbl..D.3A.5CCANFDGwMcuFirmRH850F1x.5Ccode.5CCANFDGwMcuFirmRH850F1x.5CCANFDGwMcuFirmRH850F1x.5Cprj.5CGHS.20MULTI.5CCAN.20Gateway.5Coutput.5Cobj.5Cpe1.5CCan_Cfg.
                          94 _Can_TxHwObjectTbl..D.3A.5CCANFDGwMcuFirmRH850F1x.5Ccode.5CCANFDGwMcuFirmRH850F1x.5CCANFDGwMcuFirmRH850F1x.5Cprj.5CGHS.20MULTI.5CCAN.20Gateway.5Coutput.5Cobj.5Cpe1.5CCan_Cfg.:
00000000 00               95 _Can_TxHwObjectTbl:	.space	1
00000001 01               96 	.byte	1
00000002 00               97 	.space	1
00000003 01               98 	.byte	1
                          99 	.type	_Can_TxHwObjectTbl..D.3A.5CCANFDGwMcuFirmRH850F1x.5Ccode.5CCANFDGwMcuFirmRH850F1x.5CCANFDGwMcuFirmRH850F1x.5Cprj.5CGHS.20MULTI.5CCAN.20Gateway.5Coutput.5Cobj.5Cpe1.5CCan_Cfg.,@object
                         100 	.size	_Can_TxHwObjectTbl..D.3A.5CCANFDGwMcuFirmRH850F1x.5Ccode.5CCANFDGwMcuFirmRH850F1x.5CCANFDGwMcuFirmRH850F1x.5Cprj.5CGHS.20MULTI.5CCAN.20Gateway.5Coutput.5Cobj.5Cpe1.5CCan_Cfg.,4
                         101 	.type	_Can_TxHwObjectTbl,@object
                         102 	.size	_Can_TxHwObjectTbl,4
                         103 	.global	_Can_AFLCfgTbl_Ch0..D.3A.5CCANFDGwMcuFirmRH850F1x.5Ccode.5CCANFDGwMcuFirmRH850F1x.5CCANFDGwMcuFirmRH850F1x.5Cprj.5CGHS.20MULTI.5CCAN.20Gateway.5Coutput.5Cobj.5Cpe1.5CCan_Cfg.
                         104 _Can_AFLCfgTbl_Ch0..D.3A.5CCANFDGwMcuFirmRH850F1x.5Ccode.5CCANFDGwMcuFirmRH850F1x.5CCANFDGwMcuFirmRH850F1x.5Cprj.5CGHS.20MULTI.5CCAN.20Gateway.5Coutput.5Cobj.5Cpe1.5CCan_Cfg.:
                         105 _Can_AFLCfgTbl_Ch0:
00000004 00000000*       106 	.word	_Can_AFLCfgTbl_Ch0_afl0
00000008 00000000*       107 	.word	_Can_AFLCfgTbl_Ch0_afl1
                         108 	.type	_Can_AFLCfgTbl_Ch0..D.3A.5CCANFDGwMcuFirmRH850F1x.5Ccode.5CCANFDGwMcuFirmRH850F1x.5CCANFDGwMcuFirmRH850F1x.5Cprj.5CGHS.20MULTI.5CCAN.20Gateway.5Coutput.5Cobj.5Cpe1.5CCan_Cfg.,@object
                         109 	.size	_Can_AFLCfgTbl_Ch0..D.3A.5CCANFDGwMcuFirmRH850F1x.5Ccode.5CCANFDGwMcuFirmRH850F1x.5CCANFDGwMcuFirmRH850F1x.5Cprj.5CGHS.20MULTI.5CCAN.20Gateway.5Coutput.5Cobj.5Cpe1.5CCan_Cfg.,8
                         110 	.type	_Can_AFLCfgTbl_Ch0,@object
                         111 	.size	_Can_AFLCfgTbl_Ch0,8

                                                                      Page 3
                                                              C:\Users\TIEZHU~1\AppData\Local\Temp\gh_00006ug1.si
                         112 	.section ".rodata","a"
                         113 	.global	_Can_AFLCfgTbl_Ch0_afl0..D.3A.5CCANFDGwMcuFirmRH850F1x.5Ccode.5CCANFDGwMcuFirmRH850F1x.5CCANFDGwMcuFirmRH850F1x.5Cprj.5CGHS.20MULTI.5CCAN.20Gateway.5Coutput.5Cobj.5Cpe1.5CCan_Cfg.
                         114 _Can_AFLCfgTbl_Ch0_afl0..D.3A.5CCANFDGwMcuFirmRH850F1x.5Ccode.5CCANFDGwMcuFirmRH850F1x.5CCANFDGwMcuFirmRH850F1x.5Cprj.5CGHS.20MULTI.5CCAN.20Gateway.5Coutput.5Cobj.5Cpe1.5CCan_Cfg.:
00000080 01000000        115 _Can_AFLCfgTbl_Ch0_afl0:	.byte	1,0,0,0
00000084 ffffffdf        116 	.byte	255,255,255,223
00000088 000001a0        117 	.byte	0,0,1,160
0000008c 01000000        118 	.byte	1,0,0,0
                         119 	.type	_Can_AFLCfgTbl_Ch0_afl0..D.3A.5CCANFDGwMcuFirmRH850F1x.5Ccode.5CCANFDGwMcuFirmRH850F1x.5CCANFDGwMcuFirmRH850F1x.5Cprj.5CGHS.20MULTI.5CCAN.20Gateway.5Coutput.5Cobj.5Cpe1.5CCan_Cfg.,@object
                         120 	.size	_Can_AFLCfgTbl_Ch0_afl0..D.3A.5CCANFDGwMcuFirmRH850F1x.5Ccode.5CCANFDGwMcuFirmRH850F1x.5CCANFDGwMcuFirmRH850F1x.5Cprj.5CGHS.20MULTI.5CCAN.20Gateway.5Coutput.5Cobj.5Cpe1.5CCan_Cfg.,16
                         121 	.type	_Can_AFLCfgTbl_Ch0_afl0,@object
                         122 	.size	_Can_AFLCfgTbl_Ch0_afl0,16
                         123 	.global	_Can_AFLCfgTbl_Ch0_afl1..D.3A.5CCANFDGwMcuFirmRH850F1x.5Ccode.5CCANFDGwMcuFirmRH850F1x.5CCANFDGwMcuFirmRH850F1x.5Cprj.5CGHS.20MULTI.5CCAN.20Gateway.5Coutput.5Cobj.5Cpe1.5CCan_Cfg.
                         124 _Can_AFLCfgTbl_Ch0_afl1..D.3A.5CCANFDGwMcuFirmRH850F1x.5Ccode.5CCANFDGwMcuFirmRH850F1x.5CCANFDGwMcuFirmRH850F1x.5Cprj.5CGHS.20MULTI.5CCAN.20Gateway.5Coutput.5Cobj.5Cpe1.5CCan_Cfg.:
00000090 00000000        125 _Can_AFLCfgTbl_Ch0_afl1:	.space	4
00000094 ffffffdf        126 	.byte	255,255,255,223
00000098 000000a0        127 	.byte	0,0,0,160
0000009c 01000000        128 	.byte	1,0,0,0
                         129 	.type	_Can_AFLCfgTbl_Ch0_afl1..D.3A.5CCANFDGwMcuFirmRH850F1x.5Ccode.5CCANFDGwMcuFirmRH850F1x.5CCANFDGwMcuFirmRH850F1x.5Cprj.5CGHS.20MULTI.5CCAN.20Gateway.5Coutput.5Cobj.5Cpe1.5CCan_Cfg.,@object
                         130 	.size	_Can_AFLCfgTbl_Ch0_afl1..D.3A.5CCANFDGwMcuFirmRH850F1x.5Ccode.5CCANFDGwMcuFirmRH850F1x.5CCANFDGwMcuFirmRH850F1x.5Cprj.5CGHS.20MULTI.5CCAN.20Gateway.5Coutput.5Cobj.5Cpe1.5CCan_Cfg.,16
                         131 	.type	_Can_AFLCfgTbl_Ch0_afl1,@object
                         132 	.size	_Can_AFLCfgTbl_Ch0_afl1,16
                         133 	.data
                         134 	.ghsnote version,15
                         135 	.ghsnote tools,3
                         136 	.ghsnote options,144
                         137 	.text
                         138 ..bof.D.3A.5CCANFDGwMcuFirmRH850F1x.5Ccode.5CCANFDGwMcuFirmRH850F1x.5CCANFDGwMcuFirmRH850F1x.5Cprj.5CGHS.20MULTI.5CCAN.20Gateway.5Coutput.5Cobj.5Cpe1.5CCan_Cfg...44.3A.5CCANFDGwMcuFirmRH850F1x.5Ccode.5CCANFDGwMcuFirmRH850F1x.5CCANFDGwMcuFirmRH850F1x.5Cprj.5CGHS.20MULTI.5CCAN.20Gateway..5641940B..0::
                         139 ..eof.D.3A.5CCANFDGwMcuFirmRH850F1x.5Ccode.5CCANFDGwMcuFirmRH850F1x.5CCANFDGwMcuFirmRH850F1x.5Cprj.5CGHS.20MULTI.5CCAN.20Gateway.5Coutput.5Cobj.5Cpe1.5CCan_Cfg...44.3A.5CCANFDGwMcuFirmRH850F1x.5Ccode.5CCANFDGwMcuFirmRH850F1x.5CCANFDGwMcuFirmRH850F1x.5Cprj.5CGHS.20MULTI.5CCAN.20Gateway..5641940B..0::
                         140 .rh850_flags REGMODE32,DATA_ALIGN8,GP_FIX,EP_NONFIX,TP_FIX,REG2_NONRESERVE,G3M
