                                                                      Page 1
                                                              C:\Users\TIEZHU~1\AppData\Local\Temp\gh_00006781.si
Command Line: C:\GHS\V800.V2014.1.7\comp_201417\ease850.exe -w -elf -b0 -Isrc -Idev -Iinc -Idevice -IC:\GHS\V800.V2014.1.7\comp_201417\lib\rh850 -cg_underscore -cpu=rh850g3m -no_v850_simd -rh850_fpsimd=none -nomacro -patch_dbo=D:\CANFDGwMcuFirmRH850F1x\code\CANFDGwMcuFirmRH850F1x\CANFDGwMcuFirmRH850F1x\prj\GHS MULTI\CAN Gateway\output\obj\shared\shared.dbo -source=shared.c -o .\output\obj\shared\gh_00006781.o -list=.\output\obj\shared\shared.lst C:\Users\TIEZHU~1\AppData\Local\Temp\gh_00006781.si 
Original File: C:\Users\TIEZHU~1\AppData\Local\Temp\gh_00006781.si
Source File: shared.c
Directory: D:\CANFDGwMcuFirmRH850F1x\code\CANFDGwMcuFirmRH850F1x\CANFDGwMcuFirmRH850F1x\prj\GHS MULTI\CAN Gateway
Host OS: Windows 7
EASE: Copyright (C) 1983-2014 Green Hills Software.  All Rights Reversed.
Release: Compiler v2014.1.7
Build Directory: [Directory] BTOWINBOX:c:/build_2014_1_bto/2014-09-04.2200-2014_1_bto/win32-comp-ecom
Revision: [VCInfo] http://toolsvc/branches/release-branch-2014-1-bto/src@515859 (built by build)
Revision Date: Fri Sep 05 14:05:06 2014

Release Date: Fri Sep 05 14:43:29 2014

                           1 --Driver Command: ccv850 -c -MD -Isrc -Idev -Iinc -Idevice -DMY_CLOCK
                           2 --		-UMSC_CLOCK -DEMBEDDED --enable_noinline --restrict --bool -bsp
                           3 --		generic -g -list -passsource -preprocess_assembly_files
                           4 --		--preprocess_linker_directive_full -DDEVICE=F1H -cpu=rh850g3m
                           5 --		-Onone -nothreshold -object_dir=./output/obj/shared -filetype.c
                           6 --		shared\src\shared.c -o .\output\obj\shared\shared.o
                           7 --Source File:   shared\src\shared.c
                           8 --Directory:     
                           9 --		D:\CANFDGwMcuFirmRH850F1x\code\CANFDGwMcuFirmRH850F1x\CANFDGwMcuFirmRH850F1x\prj\GHS
                          10 --		MULTI\CAN Gateway
                          11 --Compile Date:  Tue Nov 10 14:51:53 2015
                          12 --Host OS:       Win32
                          13 --Version:       C-RH850 2014.1.7 RELEASE VERSION
                          14 --Release:       Compiler v2014.1.7
                          15 --Revision Date: Fri Sep 05 14:10:46 2014
                          16 --Release Date:  Fri Sep 05 14:44:23 2014
                          17 -- ecom  -g -w
                          18 
                          19 	.data
                          20 	.section ".slbss","awb"
                          21 	.align	4
                          22 	.align	4
                          23 	.global	_global_var
00000000 00000000         24 _global_var:	.space	4
                          25 	.type	_global_var,@object
                          26 	.size	_global_var,4
                          27 	.data
                          28 	.ghsnote version,15
                          29 	.ghsnote tools,3
                          30 	.ghsnote options,144
                          31 	.text
                          32 ..bof.D.3A.5CCANFDGwMcuFirmRH850F1x.5Ccode.5CCANFDGwMcuFirmRH850F1x.5CCANFDGwMcuFirmRH850F1x.5Cprj.5CGHS.20MULTI.5CCAN.20Gateway.5Coutput.5Cobj.5Cshared.5Cshared...44.3A.5CCANFDGwMcuFirmRH850F1x.5Ccode.5CCANFDGwMcuFirmRH850F1x.5CCANFDGwMcuFirmRH850F1x.5Cprj.5CGHS.20MULTI.5CCAN.20Gateway..56419409..0::
                          33 ..eof.D.3A.5CCANFDGwMcuFirmRH850F1x.5Ccode.5CCANFDGwMcuFirmRH850F1x.5CCANFDGwMcuFirmRH850F1x.5Cprj.5CGHS.20MULTI.5CCAN.20Gateway.5Coutput.5Cobj.5Cshared.5Cshared...44.3A.5CCANFDGwMcuFirmRH850F1x.5Ccode.5CCANFDGwMcuFirmRH850F1x.5CCANFDGwMcuFirmRH850F1x.5Cprj.5CGHS.20MULTI.5CCAN.20Gateway..56419409..0::
                          34 .rh850_flags REGMODE32,DATA_ALIGN8,GP_FIX,EP_NONFIX,TP_FIX,REG2_NONRESERVE,G3M
